# JRE version: OpenJDK Runtime Environment (11.0.8+10) (build 11.0.8+10-b944.6842174)
# Java VM: OpenJDK 64-Bit Server VM (11.0.8+10-b944.6842174, mixed mode, tiered, compressed oops, g1 gc, windows-amd64)
Heap:
 garbage-first heap   total 323584K, used 112891K [0x0000000080000000, 0x0000000100000000)
  region size 1024K, 12 young (12288K), 7 survivors (7168K)
 Metaspace       used 88718K, capacity 90827K, committed 91136K, reserved 1128448K
  class space    used 11157K, capacity 11931K, committed 12032K, reserved 1048576K
GC Heap History (20 events):
Event: 22.021 GC heap before
{Heap before GC invocations=38 (full 0):
 garbage-first heap   total 161792K, used 128209K [0x0000000080000000, 0x0000000100000000)
  region size 1024K, 12 young (12288K), 1 survivors (1024K)
 Metaspace       used 83374K, capacity 85357K, committed 85504K, reserved 1124352K
  class space    used 10721K, capacity 11489K, committed 11520K, reserved 1048576K
}
Event: 22.024 GC heap after
{Heap after GC invocations=39 (full 0):
 garbage-first heap   total 161792K, used 118164K [0x0000000080000000, 0x0000000100000000)
  region size 1024K, 2 young (2048K), 2 survivors (2048K)
 Metaspace       used 83374K, capacity 85357K, committed 85504K, reserved 1124352K
  class space    used 10721K, capacity 11489K, committed 11520K, reserved 1048576K
}
Event: 22.409 GC heap before
{Heap before GC invocations=40 (full 0):
 garbage-first heap   total 161792K, used 130452K [0x0000000080000000, 0x0000000100000000)
  region size 1024K, 14 young (14336K), 2 survivors (2048K)
 Metaspace       used 83508K, capacity 85485K, committed 85760K, reserved 1124352K
  class space    used 10728K, capacity 11489K, committed 11520K, reserved 1048576K
}
Event: 22.424 GC heap after
{Heap after GC invocations=41 (full 0):
 garbage-first heap   total 161792K, used 121211K [0x0000000080000000, 0x0000000100000000)
  region size 1024K, 2 young (2048K), 2 survivors (2048K)
 Metaspace       used 83508K, capacity 85485K, committed 85760K, reserved 1124352K
  class space    used 10728K, capacity 11489K, committed 11520K, reserved 1048576K
}
Event: 22.568 GC heap before
{Heap before GC invocations=41 (full 0):
 garbage-first heap   total 161792K, used 128379K [0x0000000080000000, 0x0000000100000000)
  region size 1024K, 7 young (7168K), 2 survivors (2048K)
 Metaspace       used 83562K, capacity 85616K, committed 85760K, reserved 1124352K
  class space    used 10733K, capacity 11490K, committed 11520K, reserved 1048576K
}
Event: 22.572 GC heap after
{Heap after GC invocations=42 (full 0):
 garbage-first heap   total 161792K, used 118918K [0x0000000080000000, 0x0000000100000000)
  region size 1024K, 1 young (1024K), 1 survivors (1024K)
 Metaspace       used 83562K, capacity 85616K, committed 85760K, reserved 1124352K
  class space    used 10733K, capacity 11490K, committed 11520K, reserved 1048576K
}
Event: 22.666 GC heap before
{Heap before GC invocations=42 (full 0):
 garbage-first heap   total 161792K, used 131206K [0x0000000080000000, 0x0000000100000000)
  region size 1024K, 13 young (13312K), 1 survivors (1024K)
 Metaspace       used 83564K, capacity 85616K, committed 85760K, reserved 1124352K
  class space    used 10733K, capacity 11490K, committed 11520K, reserved 1048576K
}
Event: 22.671 GC heap after
{Heap after GC invocations=43 (full 0):
 garbage-first heap   total 214016K, used 120456K [0x0000000080000000, 0x0000000100000000)
  region size 1024K, 2 young (2048K), 2 survivors (2048K)
 Metaspace       used 83564K, capacity 85616K, committed 85760K, reserved 1124352K
  class space    used 10733K, capacity 11490K, committed 11520K, reserved 1048576K
}
Event: 23.052 GC heap before
{Heap before GC invocations=44 (full 0):
 garbage-first heap   total 214016K, used 154248K [0x0000000080000000, 0x0000000100000000)
  region size 1024K, 35 young (35840K), 2 survivors (2048K)
 Metaspace       used 83604K, capacity 85620K, committed 85760K, reserved 1124352K
  class space    used 10737K, capacity 11491K, committed 11520K, reserved 1048576K
}
Event: 23.057 GC heap after
{Heap after GC invocations=45 (full 0):
 garbage-first heap   total 214016K, used 121951K [0x0000000080000000, 0x0000000100000000)
  region size 1024K, 5 young (5120K), 5 survivors (5120K)
 Metaspace       used 83604K, capacity 85620K, committed 85760K, reserved 1124352K
  class space    used 10737K, capacity 11491K, committed 11520K, reserved 1048576K
}
Event: 23.314 GC heap before
{Heap before GC invocations=45 (full 0):
 garbage-first heap   total 214016K, used 136287K [0x0000000080000000, 0x0000000100000000)
  region size 1024K, 20 young (20480K), 5 survivors (5120K)
 Metaspace       used 83646K, capacity 85684K, committed 85760K, reserved 1124352K
  class space    used 10737K, capacity 11491K, committed 11520K, reserved 1048576K
}
Event: 23.331 GC heap after
{Heap after GC invocations=46 (full 0):
 garbage-first heap   total 214016K, used 132266K [0x0000000080000000, 0x0000000100000000)
  region size 1024K, 5 young (5120K), 5 survivors (5120K)
 Metaspace       used 83646K, capacity 85684K, committed 85760K, reserved 1124352K
  class space    used 10737K, capacity 11491K, committed 11520K, reserved 1048576K
}
Event: 23.914 GC heap before
{Heap before GC invocations=47 (full 0):
 garbage-first heap   total 214016K, used 188586K [0x0000000080000000, 0x0000000100000000)
  region size 1024K, 33 young (33792K), 5 survivors (5120K)
 Metaspace       used 85465K, capacity 87517K, committed 87680K, reserved 1126400K
  class space    used 10894K, capacity 11639K, committed 11648K, reserved 1048576K
}
Event: 23.928 GC heap after
{Heap after GC invocations=48 (full 0):
 garbage-first heap   total 214016K, used 135452K [0x0000000080000000, 0x0000000100000000)
  region size 1024K, 3 young (3072K), 3 survivors (3072K)
 Metaspace       used 85465K, capacity 87517K, committed 87680K, reserved 1126400K
  class space    used 10894K, capacity 11639K, committed 11648K, reserved 1048576K
}
Event: 24.274 GC heap before
{Heap before GC invocations=48 (full 0):
 garbage-first heap   total 214016K, used 165148K [0x0000000080000000, 0x0000000100000000)
  region size 1024K, 32 young (32768K), 3 survivors (3072K)
 Metaspace       used 85771K, capacity 87792K, committed 87936K, reserved 1126400K
  class space    used 10914K, capacity 11643K, committed 11648K, reserved 1048576K
}
Event: 24.297 GC heap after
{Heap after GC invocations=49 (full 0):
 garbage-first heap   total 323584K, used 139172K [0x0000000080000000, 0x0000000100000000)
  region size 1024K, 4 young (4096K), 4 survivors (4096K)
 Metaspace       used 85771K, capacity 87792K, committed 87936K, reserved 1126400K
  class space    used 10914K, capacity 11643K, committed 11648K, reserved 1048576K
}
Event: 24.949 GC heap before
{Heap before GC invocations=50 (full 0):
 garbage-first heap   total 323584K, used 180132K [0x0000000080000000, 0x0000000100000000)
  region size 1024K, 70 young (71680K), 4 survivors (4096K)
 Metaspace       used 88211K, capacity 90276K, committed 90496K, reserved 1128448K
  class space    used 11120K, capacity 11887K, committed 11904K, reserved 1048576K
}
Event: 24.959 GC heap after
{Heap after GC invocations=51 (full 0):
 garbage-first heap   total 323584K, used 114447K [0x0000000080000000, 0x0000000100000000)
  region size 1024K, 7 young (7168K), 7 survivors (7168K)
 Metaspace       used 88211K, capacity 90276K, committed 90496K, reserved 1128448K
  class space    used 11120K, capacity 11887K, committed 11904K, reserved 1048576K
}
Event: 25.001 GC heap before
{Heap before GC invocations=51 (full 0):
 garbage-first heap   total 323584K, used 121615K [0x0000000080000000, 0x0000000100000000)
  region size 1024K, 15 young (15360K), 7 survivors (7168K)
 Metaspace       used 88212K, capacity 90276K, committed 90496K, reserved 1128448K
  class space    used 11120K, capacity 11887K, committed 11904K, reserved 1048576K
}
Event: 25.010 GC heap after
{Heap after GC invocations=52 (full 0):
 garbage-first heap   total 323584K, used 102741K [0x0000000080000000, 0x0000000100000000)
  region size 1024K, 1 young (1024K), 1 survivors (1024K)
 Metaspace       used 88212K, capacity 90276K, committed 90496K, reserved 1128448K
  class space    used 11120K, capacity 11887K, committed 11904K, reserved 1048576K
}

